[0] 
[0]                             < M A T L A B (R) >
[0]                   Copyright 1984-2013 The MathWorks, Inc.
[0]                      R2013a (8.1.0.604) 64-bit (maci64)
[0]                              February 15, 2013
[0] 
[3] 
[3]                             < M A T L A B (R) >
[3]                   Copyright 1984-2013 The MathWorks, Inc.
[3]                      R2013a (8.1.0.604) 64-bit (maci64)
[3]                              February 15, 2013
[3] 
[2] 
[2]                             < M A T L A B (R) >
[2]                   Copyright 1984-2013 The MathWorks, Inc.
[2]                      R2013a (8.1.0.604) 64-bit (maci64)
[2]                              February 15, 2013
[2] 
[1] 
[1]                             < M A T L A B (R) >
[1]                   Copyright 1984-2013 The MathWorks, Inc.
[1]                      R2013a (8.1.0.604) 64-bit (maci64)
[1]                              February 15, 2013
[1] 
[0]  
[0] To get started, type one of these: helpwin, helpdesk, or demo.
[0] For product information, visit www.mathworks.com.
[0]  
[3]  
[3] To get started, type one of these: helpwin, helpdesk, or demo.
[3] For product information, visit www.mathworks.com.
[3]  
[2]  
[2] To get started, type one of these: helpwin, helpdesk, or demo.
[2] For product information, visit www.mathworks.com.
[2]  
[1]  
[1] To get started, type one of these: helpwin, helpdesk, or demo.
[1] For product information, visit www.mathworks.com.
[1]  
[3] >> [2] >> [1] >> [0] >> 